C51 COMPILER V9.01   MAIN                                                                  03/01/2023 17:09:39 PAGE 1   


C51 COMPILER V9.01, COMPILATION OF MODULE MAIN
OBJECT MODULE PLACED IN main.OBJ
COMPILER INVOKED BY: D:\keil4\C51\BIN\C51.EXE main.c BROWSE DEBUG OBJECTEXTEND

line level    source

   1          #include "stc15f2k60s2.h"        
   2          
   3          sbit L1 = P0^0;
   4          sbit L8 = P0^7;
   5          
   6          void SelectHC573()
   7          {
   8   1      
   9   1              P2 = (P2 & 0x1f)| 0x80;
  10   1      }
  11          
  12          void InitTimer0()
  13          {
  14   1              TMOD = 0X01;
  15   1              TH0 = (65535 - 50000) / 256;
  16   1              TL0 = (65635 - 50000) % 256;
  17   1              
  18   1              ET0 = 1;
  19   1              EA = 1;
  20   1              TR0 = 1;
  21   1      }
  22          //*************************************************
  23          unsigned char count = 0;
  24          unsigned char count1 = 0;
  25          void ServiceTimer0() interrupt 1
  26          {
  27   1              TH0 = (65535 - 50000) / 256;
  28   1              TL0 = (65635 - 50000) % 256;
  29   1      
  30   1              count ++;
  31   1              count1 ++;
  32   1              if(count == 10)
  33   1              {
  34   2                      L1 = ~L1;
  35   2                      count = 0;
  36   2              }
  37   1              if (count1 == 100)
  38   1              {
  39   2                      L8 =~L8;
  40   2                      count1 = 0;
  41   2              }
  42   1              
  43   1      
  44   1      }
  45          //*************************************************
  46          
  47          void main()
  48          {
  49   1              SelectHC573();
  50   1                      InitTimer0();
  51   1              while(1)
  52   1              {         
  53   2                      
  54   2      
  55   2              }
C51 COMPILER V9.01   MAIN                                                                  03/01/2023 17:09:39 PAGE 2   

  56   1      }


MODULE INFORMATION:   STATIC OVERLAYABLE
   CODE SIZE        =     72    ----
   CONSTANT SIZE    =   ----    ----
   XDATA SIZE       =   ----    ----
   PDATA SIZE       =   ----    ----
   DATA SIZE        =      2    ----
   IDATA SIZE       =   ----    ----
   BIT SIZE         =   ----    ----
END OF MODULE INFORMATION.


C51 COMPILATION COMPLETE.  0 WARNING(S),  0 ERROR(S)
