C51 COMPILER V9.01   MAIN                                                                  03/15/2023 14:10:07 PAGE 1   


C51 COMPILER V9.01, COMPILATION OF MODULE MAIN
OBJECT MODULE PLACED IN main.OBJ
COMPILER INVOKED BY: D:\keil4\C51\BIN\C51.EXE main.c BROWSE DEBUG OBJECTEXTEND

line level    source

   1          #include <STC15F2K60S2.H>
   2          
   3          void SelectHC573(unsigned char channel)
   4          {
   5   1              switch(channel)
   6   1              {
   7   2                      case 4:
   8   2                              P2 = (P2 & 0x1f) | 0x80;
   9   2                      break;
  10   2                      case 5:
  11   2                              P2 = (P2 & 0x1f) | 0xA0;
  12   2                      break;
  13   2                      case 6:
  14   2                              P2 = (P2 & 0x1f) | 0xC0;
  15   2                      break;
  16   2                      case 7:
  17   2                              P2 = (P2 & 0x1f) | 0xe0;
  18   2                      break;
  19   2                      case 0:
  20   2                              P2 = (P2 & 0x1f) | 0x00;
  21   2                      break;
  22   2              }
  23   1      }
  24          
  25          void InitSystem()
  26          { 
  27   1              SelectHC573(5);
  28   1              P0 = 0x00;    //关闭蜂鸣器与继电器
  29   1              SelectHC573(4);
  30   1              P0 = 0xff;
  31   1              
  32   1              
  33   1      }
  34          //************************************************
  35          void initUart()
  36          {
  37   1              TMOD = 0x20;
  38   1              TH1 = 0xfd; 
  39   1              TL1 = 0xfd;
  40   1              TR1 = 1;
  41   1      
  42   1              SCON = 0x50;
  43   1      
  44   1              ES = 1;
  45   1              EA = 1;
  46   1              AUXR = 0x00;
  47   1      
  48   1      }
  49          unsigned char command  = 0x00;
  50          void ServiceUart()  interrupt 4
  51          {
  52   1              if(RI == 1 )               //接收完成
  53   1              {
  54   2                      command = SBUF;
  55   2                      RI = 0;
C51 COMPILER V9.01   MAIN                                                                  03/15/2023 14:10:07 PAGE 2   

  56   2      
  57   2                              
  58   2              }
  59   1      //      if(TI == 1)                       //发送完成
  60   1      //      {
  61   1      //      
  62   1      //      }
  63   1      }
  64          
  65          void SendByte(unsigned char dat)
  66          {
  67   1              SBUF = dat;
  68   1              while(TI == 0) ;
  69   1              TI = 0; 
  70   1      
  71   1      
  72   1      }
  73          
  74          void SendString(unsigned char *str)
  75          {
  76   1              while(*str != '\0')
  77   1              {
  78   2                      SendByte(*str++);
  79   2      
  80   2              }
  81   1              
  82   1      
  83   1      }
  84          
  85          void Working()
  86          {
  87   1              if(command != 0x00)
  88   1              {
  89   2                      switch(command & 0xf0)
  90   2                      {
  91   3                              case 0xa0:
  92   3                                      SelectHC573(4);
  93   3                                      P0 = (P0 |0x0f)&(~command |0xf0);
  94   3                                      command = 0x00;
  95   3                              break;
  96   3                              case 0xb0:
  97   3                                      SelectHC573(4);
  98   3                                      P0 = (P0 |0xf0)&(~command << 4 |0x0f);
  99   3                                      command = 0x00;
 100   3                              break;
 101   3                              case 0xc0:
 102   3                                      SelectHC573(4);
 103   3                                      SendString("Working is running");
 104   3                                      command = 0x00;
 105   3                              break;                          
 106   3                      }
 107   2                              
 108   2              }
 109   1      
 110   1      }
 111          //************************************************
 112          void main()
 113          {
 114   1              InitSystem();    //初始化
 115   1              initUart();             //定时器1
 116   1              SendString("welcome !");
 117   1              Working() ;
C51 COMPILER V9.01   MAIN                                                                  03/15/2023 14:10:07 PAGE 3   

 118   1              while(1)
 119   1              {
 120   2      
 121   2              
 122   2              }
 123   1      }


MODULE INFORMATION:   STATIC OVERLAYABLE
   CODE SIZE        =    245    ----
   CONSTANT SIZE    =     29    ----
   XDATA SIZE       =   ----    ----
   PDATA SIZE       =   ----    ----
   DATA SIZE        =      1       3
   IDATA SIZE       =   ----    ----
   BIT SIZE         =   ----    ----
END OF MODULE INFORMATION.


C51 COMPILATION COMPLETE.  0 WARNING(S),  0 ERROR(S)
