C51 COMPILER V9.01   MAIN                                                                  02/27/2023 22:26:46 PAGE 1   


C51 COMPILER V9.01, COMPILATION OF MODULE MAIN
OBJECT MODULE PLACED IN main.OBJ
COMPILER INVOKED BY: D:\keil4\C51\BIN\C51.EXE main.c BROWSE DEBUG OBJECTEXTEND

line level    source

   1          #include<stc15f2k60s2.h>
   2          
   3          #define uchar unsigned char
   4          #define uint unsigned int
   5          
   6          sbit HC138_A = P2^5;
   7          sbit HC138_B = P2^6;
   8          sbit HC138_C = P2^7;
   9          
  10          sbit LED_1 = P0^0; 
  11          sbit LED_2 = P0^1;
  12          sbit LED_3 = P0^2;
  13          sbit LED_4 = P0^3;
  14          
  15          sbit R1 = P3^0;
  16          sbit R2 = P3^1;
  17          sbit R3 = P3^2;
  18          sbit R4 = P3^3;
  19          
  20          sbit C1 = P4^4;
  21          sbit C2 = P4^2;
  22          sbit C3 = P3^5;
  23          sbit C4 = P3^4;
  24          
  25          unsigned char duanma[20]=
  26                  {0xc0,0xf9,0xa4,0xb0,0x99,0x92,0x82,0xf8,
  27                   0x80,0x90,0xc6,0x8c,0x88};             
  28          
  29          
  30          uchar key_mutil = 0;
  31          uint temp ;
  32          uchar num1 = 0,num2 = 0;
  33          uchar state = 1; 
  34          uchar a = 25;
  35          bit mode;
  36          
  37          void Delay(uint xms)                                     //延时函数
  38          {
  39   1              uint i,j;
  40   1              for(i = xms;i > 0; i--)
  41   1                      for(j = 845; j > 0; j--);
  42   1      }
  43                  
  44          void SelectHC573(unsigned char channel)         //138译码器
  45          {
  46   1              switch(channel)
  47   1              {
  48   2              case 4:
  49   2                      P2 =  (P2 & 0x1f) | 0x80;
  50   2                      break;
  51   2              case 5:
  52   2                      P2 =  (P2 & 0x1f) | 0xa0;
  53   2                      break;
  54   2              case 6:
  55   2                      P2 =  (P2 & 0x1f) | 0xc0;
C51 COMPILER V9.01   MAIN                                                                  02/27/2023 22:26:46 PAGE 2   

  56   2                      break;
  57   2              case 7:
  58   2                      P2 =  (P2 & 0x1f) | 0xe0;
  59   2                      break;
  60   2              }
  61   1      }
  62          void init()                                                               //初始化
  63          {
  64   1               SelectHC573(5);        //
  65   1               P0 = 0x00;
  66   1               SelectHC573(4);    //关灯
  67   1               P0 = 0xff;
  68   1      }
  69          void key_down()   //矩阵键盘定义
  70          {
  71   1              R1 = 0;
  72   1              R2 = R3 = R4 = 1;
  73   1              C1 = C2 = C3 = 1;
  74   1              if(C1 == 0)
  75   1              {
  76   2                      while(C1 == 0);
  77   2                      key_mutil = 7; 
  78   2              }
  79   1              if(C2 == 0)
  80   1              {
  81   2                      while(C2 == 0);
  82   2                      key_mutil = 11; 
  83   2              }
  84   1              if(C3 == 0)
  85   1              {
  86   2                      while(C3 == 0);
  87   2                      key_mutil = 15; 
  88   2              }
  89   1              if(C4 == 0)
  90   1              {
  91   2                      while(C4 == 0);
  92   2                      key_mutil = 19; 
  93   2              }
  94   1      
  95   1              R2 = 0;
  96   1              R1 = R3 = R4 = 1;
  97   1              C1 = C2 = C3 = 1;
  98   1              if(C1 == 0)
  99   1              {
 100   2                      while(C1 == 0);
 101   2                      key_mutil = 6; 
 102   2              }
 103   1              if(C2 == 0)
 104   1              {
 105   2                      while(C2 == 0);
 106   2                      key_mutil = 10; 
 107   2              }
 108   1              if(C3 == 0)
 109   1              {
 110   2                      while(C3 == 0);
 111   2                      key_mutil = 14; 
 112   2              }
 113   1              if(C4 == 0)
 114   1              {
 115   2                      while(C4 == 0);
 116   2                      key_mutil = 18; 
 117   2              }
C51 COMPILER V9.01   MAIN                                                                  02/27/2023 22:26:46 PAGE 3   

 118   1      
 119   1              R3 = 0;
 120   1              R1 = R2 = R4 = 1;
 121   1              C1 = C2 = C3 = 1;
 122   1              if(C1 == 0)
 123   1              {
 124   2                      while(C1 == 0);
 125   2                      key_mutil = 5; 
 126   2              }
 127   1              if(C2 == 0)
 128   1              {
 129   2                      while(C2 == 0);
 130   2                      key_mutil = 9; 
 131   2              }
 132   1              if(C3 == 0)
 133   1              {
 134   2                      while(C3 == 0);
 135   2                      key_mutil = 13; 
 136   2              }
 137   1              if(C4 == 0)
 138   1              {
 139   2                      while(C4 == 0);
 140   2                      key_mutil = 17; 
 141   2              }
 142   1      
 143   1              R4 = 0;
 144   1              R1 = R2 = R3 = 1;
 145   1              C1 = C2 = C3 = 1;
 146   1              if(C1 == 0)
 147   1              {
 148   2                      while(C1 == 0);
 149   2                      key_mutil = 4; 
 150   2              }
 151   1              if(C2 == 0)
 152   1              {
 153   2                      while(C2 == 0);
 154   2                      key_mutil = 8; 
 155   2              }
 156   1              if(C3 == 0)
 157   1              {
 158   2                      while(C3 == 0);
 159   2                      key_mutil = 12; 
 160   2              }
 161   1              if(C4 == 0)
 162   1              {
 163   2                      while(C4 == 0);
 164   2                      key_mutil = 16; 
 165   2              }                                                       
 166   1      }
 167          
 168          void shumaguan(uchar pos, num)                    //不带小数点的数码管显示
 169          {
 170   1              SelectHC573(6) ;
 171   1              P0 = 0x01 << (pos - 1);
 172   1              SelectHC573(7);
 173   1              P0= duanma[num]; 
 174   1              Delay(3);
 175   1      
 176   1      }void main()
 177          {
 178   1              init();
 179   1      
C51 COMPILER V9.01   MAIN                                                                  02/27/2023 22:26:46 PAGE 4   

 180   1              while(1)
 181   1              {        
 182   2                      key_down();
 183   2                      shumaguan(1, num2);
 184   2                      
 185   2                      }}


MODULE INFORMATION:   STATIC OVERLAYABLE
   CODE SIZE        =    358    ----
   CONSTANT SIZE    =   ----    ----
   XDATA SIZE       =   ----    ----
   PDATA SIZE       =   ----    ----
   DATA SIZE        =     27    ----
   IDATA SIZE       =   ----    ----
   BIT SIZE         =      1    ----
END OF MODULE INFORMATION.


C51 COMPILATION COMPLETE.  0 WARNING(S),  0 ERROR(S)
