C51 COMPILER V9.01   MAIN                                                                  03/13/2023 16:56:23 PAGE 1   


C51 COMPILER V9.01, COMPILATION OF MODULE MAIN
OBJECT MODULE PLACED IN main.OBJ
COMPILER INVOKED BY: D:\keil4\C51\BIN\C51.EXE main.c BROWSE DEBUG OBJECTEXTEND

line level    source

   1          #include <stc15f2k60s2.h>
   2          
   3          
   4          
   5          unsigned char urdat;
   6          
   7          void SendByte(unsigned char dat)
   8          {
   9   1              SBUF = dat;
  10   1              while(TI == 0);
  11   1              TI =  0;
  12   1      }
  13          
  14          
  15          void InitUart()
  16          {
  17   1              TMOD = 0x20;
  18   1              TH1 =  0xfd;
  19   1              TL1 = 0xfd;
  20   1              TR1 = 1;
  21   1      
  22   1              SCON = 0x50;               //异步8位UART并且允许接收： SCON = 0x50; 
  23   1              ES = 1;                         //串行中断允许控制位
  24   1              EA = 1;                                                                                                   
  25   1              AUXR = 0x00;            
  26   1      
  27   1      
  28   1      
  29   1      }
  30          
  31          
  32          
  33          void ServiceUart() interrupt 4
  34          {
  35   1              if(RI == 1)
  36   1              {
  37   2                      RI = 0;
  38   2                      urdat = SBUF;
  39   2                      SendByte(urdat + 1);
  40   2                        
  41   2      
  42   2              }
  43   1      
  44   1      
  45   1      }
  46          
  47          
  48          void main()
  49          {
  50   1      
  51   1              InitUart();
  52   1              SendByte(0x5A);
  53   1              SendByte(0x5A);
  54   1              while(1);
  55   1      
C51 COMPILER V9.01   MAIN                                                                  03/13/2023 16:56:23 PAGE 2   

  56   1      
  57   1              
  58   1                      
  59   1              
  60   1      }


MODULE INFORMATION:   STATIC OVERLAYABLE
   CODE SIZE        =     74    ----
   CONSTANT SIZE    =   ----    ----
   XDATA SIZE       =   ----    ----
   PDATA SIZE       =   ----    ----
   DATA SIZE        =      1    ----
   IDATA SIZE       =   ----    ----
   BIT SIZE         =   ----    ----
END OF MODULE INFORMATION.


C51 COMPILATION COMPLETE.  0 WARNING(S),  0 ERROR(S)
