C51 COMPILER V9.01   MAIN                                                                  03/09/2023 20:11:09 PAGE 1   


C51 COMPILER V9.01, COMPILATION OF MODULE MAIN
OBJECT MODULE PLACED IN main.OBJ
COMPILER INVOKED BY: D:\keil4\C51\BIN\C51.EXE main.c BROWSE DEBUG OBJECTEXTEND

line level    source

   1          #include "STC15F2K60S2.h"
   2          
   3          sbit S4 = P3^3;
   4          sbit S5 = P3^2;
   5          sbit L1 = P0^0;
   6          
   7          unsigned char t_m = 0;
   8          unsigned char t_s = 0;
   9          unsigned char t_005s = 0;
  10          
  11          unsigned char code SMG_code[18] =
  12                  {0xc0,0xf9,0xa4,0xb0,0x99,0x92,0x82,0xf8,
  13                   0x80,0x90,0x88,0x80,0xc6,0xc0,0x86,0x8e,
  14                   0xbf,0x7f};
  15          void SelectHC573(unsigned char channel)
  16          {
  17   1              switch(channel)
  18   1              {
  19   2                      case 4:
  20   2                              P2 = (P2 & 0x1f) | 0x80; 
  21   2                      break;
  22   2                      case 5:
  23   2                              P2 = (P2 & 0x1f) | 0xa0; 
  24   2                      break;
  25   2                      case 6:
  26   2                              P2 = (P2 & 0x1f) | 0xc0; 
  27   2                      break;
  28   2                      case 7:
  29   2                              P2 = (P2 & 0x1f) | 0xe0; 
  30   2                      break;
  31   2              }
  32   1      }
  33          
  34          void DisplaySMG_Bit(unsigned char value, unsigned char pos)
  35          {
  36   1              SelectHC573(6);
  37   1              P0 = 0x01 << pos;
  38   1              SelectHC573(7);
  39   1              P0 = value;
  40   1              
  41   1      }
  42          
  43          void DelaySMG(unsigned char t)
  44          {
  45   1              while(t--);
  46   1      }
  47          void DisplayTime()
  48          {
  49   1              DisplaySMG_Bit(SMG_code[t_005s%10],7);
  50   1              DelaySMG(500);
  51   1              DisplaySMG_Bit(SMG_code[t_005s/10],6);
  52   1              
  53   1              DelaySMG(500);
  54   1              DisplaySMG_Bit(SMG_code[16],5);
  55   1              
C51 COMPILER V9.01   MAIN                                                                  03/09/2023 20:11:09 PAGE 2   

  56   1              DelaySMG(500);
  57   1              DisplaySMG_Bit(SMG_code[t_s%10],4);
  58   1              DelaySMG(500);
  59   1              DisplaySMG_Bit(SMG_code[t_s/10],3);
  60   1              
  61   1              DelaySMG(500);
  62   1              DisplaySMG_Bit(SMG_code[16],2);
  63   1              
  64   1              
  65   1              DelaySMG(500);
  66   1              DisplaySMG_Bit(SMG_code[t_m%10],1);
  67   1              DelaySMG(500);
  68   1              DisplaySMG_Bit(SMG_code[t_m/10],0);
  69   1                              
  70   1      
  71   1      
  72   1      
  73   1      }
  74          
  75          void DelayK(unsigned char t)
  76          {
  77   1              while(t--);
  78   1      }
  79          
  80          
  81          //************************************************
  82          void InitTimer0()
  83          {
  84   1              TMOD = 0x01;
  85   1              TH0 = (65535 - 50000) / 256;
  86   1              TL0 = (65535 - 50000) % 256;
  87   1      
  88   1              ET0     = 1;
  89   1              EA = 1;
  90   1              TR0 = 1;
  91   1      
  92   1      
  93   1      }
  94          void ServicerTimer0() interrupt 1
  95          {       
  96   1              TH0 = (65535 - 50000) / 256;
  97   1              TL0 = (65535 - 50000) % 256;
  98   1      
  99   1              t_005s++;
 100   1              if(t_005s ==20)
 101   1              {
 102   2                      t_s++;
 103   2                      t_005s = 0;
 104   2              if(t_005s == 60)
 105   2              {
 106   3                      t_m++;
 107   3                      t_s = 0;
 108   3              }
 109   2              }
 110   1      }
 111          //***********************************************
 112          void ScanKeys()
 113          {
 114   1              if(S4 == 0)              //秒表启动与暂停
 115   1              {
 116   2                      DelayK(100);
 117   2                      if(S4 == 0)
C51 COMPILER V9.01   MAIN                                                                  03/09/2023 20:11:09 PAGE 3   

 118   2                      {
 119   3                              TR0 = ~TR0;
 120   3                      
 121   3                      }
 122   2              }
 123   1              if(S5 == 0)              //秒表清零
 124   1              {
 125   2                      DelayK(100);
 126   2                      if(S5 == 0)
 127   2                      {
 128   3                      t_m = 0;
 129   3                      t_s = 0;
 130   3                      t_005s = 0;
 131   3                      
 132   3                      }
 133   2              }
 134   1      
 135   1      }
 136          
 137          void main()
 138          {
 139   1              InitTimer0();
 140   1              while(1)
 141   1              {
 142   2      
 143   2               DisplayTime();
 144   2               ScanKeys();
 145   2              
 146   2              }
 147   1      } 


MODULE INFORMATION:   STATIC OVERLAYABLE
   CODE SIZE        =    284    ----
   CONSTANT SIZE    =     18    ----
   XDATA SIZE       =   ----    ----
   PDATA SIZE       =   ----    ----
   DATA SIZE        =      3    ----
   IDATA SIZE       =   ----    ----
   BIT SIZE         =   ----    ----
END OF MODULE INFORMATION.


C51 COMPILATION COMPLETE.  0 WARNING(S),  0 ERROR(S)
