C51 COMPILER V9.01   MAIN                                                                  04/04/2023 12:13:38 PAGE 1   


C51 COMPILER V9.01, COMPILATION OF MODULE MAIN
OBJECT MODULE PLACED IN main.OBJ
COMPILER INVOKED BY: D:\keil4\C51\BIN\C51.EXE main.c BROWSE DEBUG OBJECTEXTEND

line level    source

   1          #include "DS1302.H"
   2          
   3          unsigned char code duanma[20] = {0xc0,0xf9,0xa4,
   4          0xb0,0x99,0x92,0x82,0xf8,0x80,0x90,0xbf,0xff};
   5          unsigned char WRITE[7] = {0x80,0x82,0x84,0x86,0x88,0x8a,0x8c} ;
   6          unsigned char READ[7] = {0x81,0x83,0x85,0x87,0x89,0x8b,0x8d};
   7          unsigned char TIME[7] = {0x24,0x59,0x23,0x18,0x04,0x06,0x20} ;
   8          
   9          void Delay(unsigned char t)
  10          {
  11   1              while(t--);
  12   1      }
  13          void SelectHC573(unsigned char channel,unsigned char dat)
  14          {
  15   1              P0 = dat;
  16   1              switch(channel)
  17   1              {
  18   2                      case 4:P2 = (P2 & 0x1f) | 0x80;break;
  19   2                      case 5:P2 = (P2 & 0x1f) | 0xa0;break;
  20   2                      case 6:P2 = (P2 & 0x1f) | 0xc0;break;
  21   2                      case 7:P2 = (P2 & 0x1f) | 0xe0;break;
  22   2                      case 0:P2 = (P2 & 0x1f) | 0x00;break;   
  23   2              }
  24   1              P2 = (P2 & 0x1f) | 0x00;
  25   1      }
  26          
  27          void DisplaySMG(unsigned char pos,unsigned char dat)
  28          {
  29   1              SelectHC573(6,0x01 << pos);
  30   1              SelectHC573(7,dat);
  31   1              Delay(500);
  32   1              SelectHC573(6, 0x01 << pos);        
  33   1              SelectHC573(7, 0xff);        
  34   1      
  35   1      }
  36          void Display()
  37          {
  38   1              DisplaySMG(0,duanma[TIME[2]/16]);
  39   1      
  40   1              DisplaySMG(1,duanma[TIME[2]%16]);
  41   1      
  42   1              DisplaySMG(2,duanma[10]);
  43   1      
  44   1              DisplaySMG(3,duanma[TIME[1]/16]);
  45   1      
  46   1              DisplaySMG(4,duanma[TIME[1]%16]);
  47   1      
  48   1              DisplaySMG(5,duanma[10]);
  49   1      
  50   1              DisplaySMG(6,duanma[TIME[0]/16]);
  51   1      
  52   1              DisplaySMG(7,duanma[TIME[0]%16]);
  53   1      
  54   1      }
  55          
C51 COMPILER V9.01   MAIN                                                                  04/04/2023 12:13:38 PAGE 2   

  56          void DS1302_config()
  57          {
  58   1              unsigned char i;
  59   1              Write_Ds1302_Byte(0x8E,0x00);
  60   1              for(i = 0; i < 7; i++ )
  61   1              {
  62   2                      Write_Ds1302_Byte(WRITE[i],TIME[i]);    
  63   2              }
  64   1              Write_Ds1302_Byte(0x8E,0x80);
  65   1      
  66   1      }
  67          
  68          void Read_DS1302()
  69          {
  70   1              unsigned char i;
  71   1              for(i = 0; i < 7; i++ )
  72   1              {
  73   2              TIME[i] = Read_Ds1302_Byte(READ[i]);    
  74   2              
  75   2              }
  76   1              
  77   1      
  78   1      }                                                          
  79          void Init()
  80          {
  81   1              SelectHC573(0,0x00);
  82   1              SelectHC573(5,0x00);
  83   1              SelectHC573(4,0xff);
  84   1              SelectHC573(6,0xff);
  85   1              SelectHC573(7,0xff);
  86   1      
  87   1              
  88   1      }
  89          void main()
  90          {       
  91   1              Init();
  92   1              DS1302_config();
  93   1              while(1)
  94   1              {
  95   2                      Read_DS1302();
  96   2                      Display();      
  97   2      
  98   2              }
  99   1      
 100   1      
 101   1      }


MODULE INFORMATION:   STATIC OVERLAYABLE
   CODE SIZE        =    335    ----
   CONSTANT SIZE    =     20    ----
   XDATA SIZE       =   ----    ----
   PDATA SIZE       =   ----    ----
   DATA SIZE        =     21       2
   IDATA SIZE       =   ----    ----
   BIT SIZE         =   ----    ----
END OF MODULE INFORMATION.


C51 COMPILATION COMPLETE.  0 WARNING(S),  0 ERROR(S)
