C51 COMPILER V9.01   MAIN                                                                  04/06/2023 23:17:07 PAGE 1   


C51 COMPILER V9.01, COMPILATION OF MODULE MAIN
OBJECT MODULE PLACED IN main.OBJ
COMPILER INVOKED BY: D:\keil4\C51\BIN\C51.EXE main.c BROWSE DEBUG OBJECTEXTEND

line level    source

   1          /*==================蓝桥杯单片机特训==================
   2          【进阶05】：采样光敏电阻与可调电阻的电压
   3          **平  台：CT107D单片机综合实训平台
   4          **模  式：IO模式
   5          **底层驱动文件：2022年竞赛资源数据包提供的文件
   6          **设  计：欧浩源（小蜜蜂老师，ohy3686@qq.com）
   7          **时  间：2022-04-01
   8          **更多详见：www.xmf393.com
   9          ====================================================*/
  10          #include "iic.h"
  11          //定义动态显示中单个数码管点亮时长
  12          #define TSMG  500
  13          //-------共阳数码管的段码编码表（无小数点）--------
  14          //0 1 2 3 4 5 6 7 8 9 A B C D E F - .
  15          unsigned char code SMG_NoDot[18]={0xc0,0xf9,
  16              0xa4,0xb0,0x99,0x92,0x82,0xf8,0x80,0x90,
  17              0x88,0x80,0xc6,0xc0,0x86,0x8e,0xbf,0x7f};
  18          //-------共阳数码管的段码编码表（带小数点）--------
  19          //0. 1. 2. 3. 4. 5. 6. 7. 8. 9.
  20          unsigned char code SMG_Dot[10]={0x40,0x79,
  21              0x24,0x30,0x19,0x12,0x02,0x78,0x00,0x10};
  22          //-----------------------------------------------
  23          unsigned char adc1_value = 0;    //AIN1的采样数据
  24          float adc1_volt = 0;            //AIN1的换算电压
  25          unsigned int smg1_volt = 0;      //AIN1的显示电压
  26          unsigned char adc3_value = 0;    //AIN3的采样数据
  27          float adc3_volt = 0;            //AIN3的换算电压
  28          unsigned int smg3_volt = 0;      //AIN3的显示电压
  29          //==============数码管动态显示专用延时函数=============
  30          void DelaySMG(unsigned int t)
  31          {
  32   1        while(t--);
  33   1      }
  34          //==================设置选通的锁存器===================
  35          void Set_HC573(unsigned char channel, unsigned char dat)
  36          {
  37   1        P0 = dat;                      //待设置数据
  38   1        switch(channel)                //选通锁存器
  39   1        {
  40   2          case 4:
  41   2            P2 = (P2 & 0x1f) | 0x80;  //Y4输出0，LED控制
  42   2          break;
  43   2          case 5:
  44   2            P2 = (P2 & 0x1f) | 0xa0;  //Y5输出0，蜂鸣器和继电器控制
  45   2          break;
  46   2          case 6:
  47   2            P2 = (P2 & 0x1f) | 0xc0;  //Y6输出0，数码管位选
  48   2          break;
  49   2          case 7:
  50   2            P2 = (P2 & 0x1f) | 0xe0;  //Y7输出0，数码管段码
  51   2          break;
  52   2          case 0:
  53   2            P2 = (P2 & 0x1f) | 0x00;  //所有锁存器不选择
  54   2          break;
  55   2        }
C51 COMPILER V9.01   MAIN                                                                  04/06/2023 23:17:07 PAGE 2   

  56   1        P2 = (P2 & 0x1f) | 0x00;      //设置完成，关闭全部锁存器
  57   1      }
  58          //=================单个数码管动态显示=================
  59          void DisplaySMG_Bit(unsigned char pos, unsigned char value)
  60          {
  61   1        Set_HC573(6, 0x01 << pos);    //数码管的段位
  62   1        Set_HC573(7, value);          //数码管显示内容
  63   1        DelaySMG(TSMG);                //数码管点亮时长
  64   1        Set_HC573(6, 0x01 << pos);        
  65   1        Set_HC573(7, 0xff);            //消隐
  66   1      }
  67          //=================全部数码管静态显示=================
  68          void DisplaySMG_All(unsigned char value)
  69          {
  70   1        Set_HC573(6, 0xff);    //使能所有数码管
  71   1        Set_HC573(7, value);  //数码管显示内容  
  72   1      }
  73          //===================电压值显示函数===================
  74          void DisplaySMG_ADC()
  75          {
  76   1        //数码管右起第0位
  77   1      //  DisplaySMG_Bit(7,SMG_NoDot[smg1_volt  % 10]);
  78   1      //  //数码管右起第1位
  79   1      //  DisplaySMG_Bit(6,SMG_NoDot[(smg1_volt / 10) % 10]);    
  80   1      //  //数码管右起第2位
  81   1      //  DisplaySMG_Bit(5,SMG_Dot[smg1_volt / 100]);        
  82   1      
  83   1        //数码管右起第5位
  84   1        DisplaySMG_Bit(2,SMG_NoDot[smg3_volt  % 10]);
  85   1        //数码管右起第6位
  86   1        DisplaySMG_Bit(1,SMG_NoDot[(smg3_volt / 10) % 10]);    
  87   1        //数码管右起第7位
  88   1        DisplaySMG_Bit(0,SMG_Dot[smg3_volt / 100]);    
  89   1      }
  90          //===============PCF8591电压采样处理函数===============
  91          unsigned char Read_PCF8591_ADC(unsigned char ain)
  92          {
  93   1        unsigned char tmp;
  94   1        IIC_Start();          
  95   1        IIC_SendByte(0x90);    //PCF8591的写设备地址 
  96   1        IIC_WaitAck();        
  97   1        if(ain == 1)
  98   1        {
  99   2          IIC_SendByte(0x01); //通道1，光敏电阻电压
 100   2        }
 101   1        else if(ain == 3)
 102   1        {
 103   2          IIC_SendByte(0x03); //通道3，可调电阻电压
 104   2        }    
 105   1        IIC_WaitAck();              
 106   1        IIC_Stop(); 
 107   1        
 108   1        DisplaySMG_ADC();      //等待电压转换完成
 109   1        
 110   1        IIC_Start();                  
 111   1        IIC_SendByte(0x91);   //PCF8591的读设备地址
 112   1        IIC_WaitAck();                 
 113   1        tmp = IIC_RecByte();   //读出AD采样数据
 114   1        IIC_SendAck(1);         //产生非应答信号                 
 115   1        IIC_Stop();
 116   1        return tmp;
 117   1      }
C51 COMPILER V9.01   MAIN                                                                  04/06/2023 23:17:07 PAGE 3   

 118          //=============采样光敏电阻和可调电阻的电压=============
 119          void Read_AIN1_AIN3()
 120          {
 121   1      //  adc1_value = Read_PCF8591_ADC(1);
 122   1      //  adc1_volt = adc1_value * (5.0 / 255);
 123   1      //  smg1_volt = adc1_volt * 100;
 124   1        
 125   1        unsigned char i;
 126   1      //  for(i=0;i<3;i++)
 127   1      //  {
 128   1              adc3_value = Read_PCF8591_ADC(3);
 129   1      //      adc3_value = adc3_value/3;
 130   1      //  }
 131   1        
 132   1        adc3_volt = adc3_value * (5.0 / 255);
 133   1        smg3_volt = adc3_volt * 100;
 134   1      }
*** WARNING C280 IN LINE 125 OF MAIN.C: 'i': unreferenced local variable
 135          
 136          void Set_DAC(unsigned char dat)
 137          {
 138   1              IIC_Start();
 139   1              IIC_SendByte(0x90);
 140   1              IIC_WaitAck();
 141   1              IIC_SendByte(0x43);
 142   1              IIC_WaitAck();
 143   1              IIC_SendByte(dat);
 144   1              IIC_WaitAck();
 145   1              IIC_Stop();             
 146   1      }
 147          
 148          
 149          //=====================系统初始化=====================
 150          void Init_sys()
 151          {
 152   1        Set_HC573(0, 0x00);        //关闭所有锁存器
 153   1        Set_HC573(5, 0x00);        //关闭蜂鸣器和继电器
 154   1        Set_HC573(4, 0xff);        //关闭全部LED灯
 155   1        DisplaySMG_All(0xff);      //关闭全部数码管
 156   1      }
 157          
 158          
 159          //=======================主函数=======================
 160          void main()
 161          {
 162   1        Init_sys();               //系统初始化
 163   1        while(1)
 164   1        {
 165   2          Read_AIN1_AIN3();      //循环采样电压
 166   2      
 167   2      //      DelaySMG(500);
 168   2              //Read_DAC();
 169   2              Set_DAC(adc3_value);
 170   2              DisplaySMG_ADC();      //动态刷新数码管
 171   2      
 172   2      
 173   2        }
 174   1      }


MODULE INFORMATION:   STATIC OVERLAYABLE
   CODE SIZE        =    441    ----
C51 COMPILER V9.01   MAIN                                                                  04/06/2023 23:17:07 PAGE 4   

   CONSTANT SIZE    =     28    ----
   XDATA SIZE       =   ----    ----
   PDATA SIZE       =   ----    ----
   DATA SIZE        =     14       4
   IDATA SIZE       =   ----    ----
   BIT SIZE         =   ----    ----
END OF MODULE INFORMATION.


C51 COMPILATION COMPLETE.  1 WARNING(S),  0 ERROR(S)
