C51 COMPILER V9.01   MAIN                                                                  04/06/2023 19:50:27 PAGE 1   


C51 COMPILER V9.01, COMPILATION OF MODULE MAIN
OBJECT MODULE PLACED IN main.OBJ
COMPILER INVOKED BY: D:\keil4\C51\BIN\C51.EXE main.c BROWSE DEBUG OBJECTEXTEND

line level    source

   1          #include "stc15f2k60s2.h"
   2          
   3          unsigned char code duanma[16] = {0xc0,0xf9,
   4          0xa4,0xb0,0x99,0x92,0x82,0xf8,0x80,0x90,0xc1,0x8c,0xc8};
   5          
   6          unsigned int f_count = 0;
   7          unsigned char count = 0;
   8          unsigned int dat = 0;
   9          void DelaySMG(unsigned int t)
  10          {
  11   1              while(t--);
  12   1      
  13   1      }
  14          void SelectHC573(unsigned char channel,unsigned char dat)
  15          {
  16   1              P0 = dat;
  17   1              switch(channel)
  18   1              {
  19   2                      case 4:P2 = (P2 & 0x1f) | 0x80;break;
  20   2                      case 5:P2 = (P2 & 0x1f) | 0xa0;break;
  21   2                      case 6:P2 = (P2 & 0x1f) | 0xc0;break;
  22   2                      case 7:P2 = (P2 & 0x1f) | 0xe0;break;
  23   2                      case 0:P2 = (P2 & 0x1f) | 0x00;break;
  24   2              }
  25   1              P2 = (P2 & 0x1f) | 0x00;
  26   1      }
  27          void DisplaySMG(unsigned char pos,unsigned char dat)
  28          {
  29   1              SelectHC573(6,0x01 << pos);
  30   1              SelectHC573(7,dat);
  31   1              DelaySMG(500);
  32   1              SelectHC573(6,0x01 << pos);
  33   1              SelectHC573(7,0xff);
  34   1      }
  35          
  36          void Display()
  37          {
  38   1              DisplaySMG(7,duanma[dat%10]);
  39   1              if(dat >= 10)
  40   1              {
  41   2                      DisplaySMG(6,duanma[dat/10%10]);        
  42   2              }
  43   1              if(dat >= 100)
  44   1              {
  45   2                      DisplaySMG(5,duanma[dat/100%10]);
  46   2              }
  47   1              if(dat >= 1000)
  48   1              {
  49   2                      DisplaySMG(4,duanma[dat/1000%10]);
  50   2              }
  51   1              if(dat >= 10000)
  52   1              {
  53   2                      DisplaySMG(3,duanma[dat/10000%10]);
  54   2              }                                                          
  55   1              if(dat >= 100000)
C51 COMPILER V9.01   MAIN                                                                  04/06/2023 19:50:27 PAGE 2   

  56   1              {
  57   2                      DisplaySMG(2,duanma[dat/100000%10]);
  58   2              }
  59   1      
  60   1      }
  61          
  62          void Init_Timer()
  63          {
  64   1              TMOD = 0x16;
  65   1              TH0 = 0xff;
  66   1              TL0 = 0xff;
  67   1      
  68   1              TH1 = (0 - 50000)/256;
  69   1              TL1 = (0 - 50000)%256;
  70   1      
  71   1              ET0 = 1;
  72   1              ET1 = 1; 
  73   1              
  74   1              EA = 1;
  75   1              
  76   1              TR0 = 1;
  77   1              TR1 = 1;
  78   1      
  79   1      }
  80          
  81          void Service_Timer0()   interrupt 1
  82          {
  83   1              TH0 = 0xff;
  84   1              TL0 = 0xff;
  85   1              f_count++;
  86   1      
  87   1      
  88   1      
  89   1      }
  90          void Service_Timer1()   interrupt 3
  91          {
  92   1              TH1 = (0 - 50000)/256;
  93   1              TL1 = (0 - 50000)%256;
  94   1              count ++;
  95   1              if(count == 20)
  96   1              {
  97   2                      dat = f_count;
  98   2                      f_count = 0;
  99   2                      count = 0;
 100   2                              
 101   2              }
 102   1      
 103   1      }
 104          void Init()
 105          {
 106   1              SelectHC573(0,0x00);
 107   1              SelectHC573(5,0x00);
 108   1              SelectHC573(4,0xff);    
 109   1      }
 110          void main()
 111          {
 112   1              Init();
 113   1              Init_Timer();
 114   1              while(1)
 115   1              {
 116   2                      Display();
 117   2                      
C51 COMPILER V9.01   MAIN                                                                  04/06/2023 19:50:27 PAGE 3   

 118   2              }
 119   1      }


MODULE INFORMATION:   STATIC OVERLAYABLE
   CODE SIZE        =    519    ----
   CONSTANT SIZE    =     16    ----
   XDATA SIZE       =   ----    ----
   PDATA SIZE       =   ----    ----
   DATA SIZE        =      5    ----
   IDATA SIZE       =   ----    ----
   BIT SIZE         =   ----    ----
END OF MODULE INFORMATION.


C51 COMPILATION COMPLETE.  0 WARNING(S),  0 ERROR(S)
